2023-10-27 10:58:26 error: uncaughtException: Could not connect to any servers in your MongoDB Atlas cluster. One common reason is that you're trying to access the database from an IP that isn't whitelisted. Make sure your current IP address is on your Atlas cluster's IP whitelist: https://docs.atlas.mongodb.com/security-whitelist/
MongooseServerSelectionError: Could not connect to any servers in your MongoDB Atlas cluster. One common reason is that you're trying to access the database from an IP that isn't whitelisted. Make sure your current IP address is on your Atlas cluster's IP whitelist: https://docs.atlas.mongodb.com/security-whitelist/
    at NativeConnection.Connection.openUri (/Users/navjeet/Documents/candidate/talent-candidate/node_modules/mongoose/lib/connection.js:824:32)
    at /Users/navjeet/Documents/candidate/talent-candidate/node_modules/mongoose/lib/index.js:412:10
    at /Users/navjeet/Documents/candidate/talent-candidate/node_modules/mongoose/lib/helpers/promiseOrCallback.js:41:5
    at new Promise (<anonymous>)
    at promiseOrCallback (/Users/navjeet/Documents/candidate/talent-candidate/node_modules/mongoose/lib/helpers/promiseOrCallback.js:40:10)
    at Mongoose._promiseOrCallback (/Users/navjeet/Documents/candidate/talent-candidate/node_modules/mongoose/lib/index.js:1265:10)
    at Mongoose.connect (/Users/navjeet/Documents/candidate/talent-candidate/node_modules/mongoose/lib/index.js:411:20)
    at Object.<anonymous> (/Users/navjeet/Documents/candidate/talent-candidate/apps/api/src/index.ts:44:12)
    at Module._compile (node:internal/modules/cjs/loader:1105:14)
    at Module._compile (/Users/navjeet/Documents/candidate/talent-candidate/node_modules/source-map-support/source-map-support.js:568:25)
    at Module.m._compile (/private/var/folders/vf/6b8qmr496tbcxp6hf0z3q0mc0000gn/T/ts-node-dev-hook-9761712152124815.js:69:33)
    at Module._extensions..js (node:internal/modules/cjs/loader:1159:10)
    at require.extensions..jsx.require.extensions..js (/private/var/folders/vf/6b8qmr496tbcxp6hf0z3q0mc0000gn/T/ts-node-dev-hook-9761712152124815.js:114:20)
    at require.extensions.<computed> (/private/var/folders/vf/6b8qmr496tbcxp6hf0z3q0mc0000gn/T/ts-node-dev-hook-9761712152124815.js:71:20)
    at Object.nodeDevHook [as .ts] (/Users/navjeet/Documents/candidate/talent-candidate/node_modules/ts-node-dev/lib/hook.js:63:13)
    at Module.load (node:internal/modules/cjs/loader:981:32)
2023-10-27 11:01:31 error: uncaughtException: Operation `persons.findOne()` buffering timed out after 10000ms
MongooseError: Operation `persons.findOne()` buffering timed out after 10000ms
    at Timeout.<anonymous> (/Users/navjeet/Documents/candidate/talent-candidate/node_modules/mongoose/lib/drivers/node-mongodb-native/collection.js:153:23)
    at listOnTimeout (node:internal/timers:559:17)
    at processTimers (node:internal/timers:502:7)
